{
  "uid" : "a6a2b01eb193c2a4",
  "name" : "test_message_disappeared_after_adding_product_to_basket",
  "fullName" : "test_product_page.TestProductPage#test_message_disappeared_after_adding_product_to_basket",
  "historyId" : "00be33377795fb724b903c2887a23a71",
  "time" : {
    "start" : 1608410104887,
    "stop" : 1608410112274,
    "duration" : 7387
  },
  "status" : "skipped",
  "statusMessage" : "XFAIL\n\nAssertionError: is not disappeared",
  "statusTrace" : "self = <module_5.test_product_page.TestProductPage object at 0x048C4208>\nbrowser = <selenium.webdriver.chrome.webdriver.WebDriver (session=\"58a5bac10b273ae38102291b12f1812f\")>\n\n    @pytest.mark.xfail\n    def test_message_disappeared_after_adding_product_to_basket(self, browser):\n        # Arrange\n        page = ProductPage(browser, link)\n        page.open()\n        # Act\n        page.add_product_to_basket()\n        # Assert\n>       page.is_success_message_disappeared_after_adding_to_basket()\n\nmodule_5\\test_product_page.py:36: \n_ _ _ _ _ _ _ _ _ _ _ _ _ _ _ _ _ _ _ _ _ _ _ _ _ _ _ _ _ _ _ _ _ _ _ _ _ _ _ _ _ _ _ _ _ _ _ _ _ _ _ _ _ _ _ _ _ _ _ _\n\nself = <module_5.pages.product_page.ProductPage object at 0x04B4ED78>\n\n    def is_success_message_disappeared_after_adding_to_basket(self):\n>       assert self.is_disappeared(*ProductPageLocators.ADDED_TO_BASKET_LABEL), \"is not disappeared\"\nE       AssertionError: is not disappeared\n\nmodule_5\\pages\\product_page.py:30: AssertionError",
  "flaky" : false,
  "newFailed" : false,
  "beforeStages" : [ {
    "name" : "browser",
    "time" : {
      "start" : 1608410099558,
      "stop" : 1608410104886,
      "duration" : 5328
    },
    "status" : "passed",
    "steps" : [ ],
    "attachments" : [ ],
    "parameters" : [ ],
    "hasContent" : false,
    "stepsCount" : 0,
    "shouldDisplayMessage" : false,
    "attachmentsCount" : 0
  } ],
  "testStage" : {
    "status" : "skipped",
    "statusMessage" : "XFAIL\n\nAssertionError: is not disappeared",
    "statusTrace" : "self = <module_5.test_product_page.TestProductPage object at 0x048C4208>\nbrowser = <selenium.webdriver.chrome.webdriver.WebDriver (session=\"58a5bac10b273ae38102291b12f1812f\")>\n\n    @pytest.mark.xfail\n    def test_message_disappeared_after_adding_product_to_basket(self, browser):\n        # Arrange\n        page = ProductPage(browser, link)\n        page.open()\n        # Act\n        page.add_product_to_basket()\n        # Assert\n>       page.is_success_message_disappeared_after_adding_to_basket()\n\nmodule_5\\test_product_page.py:36: \n_ _ _ _ _ _ _ _ _ _ _ _ _ _ _ _ _ _ _ _ _ _ _ _ _ _ _ _ _ _ _ _ _ _ _ _ _ _ _ _ _ _ _ _ _ _ _ _ _ _ _ _ _ _ _ _ _ _ _ _\n\nself = <module_5.pages.product_page.ProductPage object at 0x04B4ED78>\n\n    def is_success_message_disappeared_after_adding_to_basket(self):\n>       assert self.is_disappeared(*ProductPageLocators.ADDED_TO_BASKET_LABEL), \"is not disappeared\"\nE       AssertionError: is not disappeared\n\nmodule_5\\pages\\product_page.py:30: AssertionError",
    "steps" : [ ],
    "attachments" : [ {
      "uid" : "d769af240615fd4e",
      "name" : "stdout",
      "source" : "d769af240615fd4e.txt",
      "type" : "text/plain",
      "size" : 42
    } ],
    "parameters" : [ ],
    "hasContent" : true,
    "stepsCount" : 0,
    "shouldDisplayMessage" : true,
    "attachmentsCount" : 1
  },
  "afterStages" : [ {
    "name" : "browser::0",
    "time" : {
      "start" : 1608410112284,
      "stop" : 1608410114407,
      "duration" : 2123
    },
    "status" : "passed",
    "steps" : [ ],
    "attachments" : [ ],
    "parameters" : [ ],
    "hasContent" : false,
    "stepsCount" : 0,
    "shouldDisplayMessage" : false,
    "attachmentsCount" : 0
  } ],
  "labels" : [ {
    "name" : "tag",
    "value" : "@pytest.mark.xfail"
  }, {
    "name" : "suite",
    "value" : "test_product_page"
  }, {
    "name" : "subSuite",
    "value" : "TestProductPage"
  }, {
    "name" : "host",
    "value" : "DESKTOP-CCEHG9L"
  }, {
    "name" : "thread",
    "value" : "20540-MainThread"
  }, {
    "name" : "framework",
    "value" : "pytest"
  }, {
    "name" : "language",
    "value" : "cpython3"
  }, {
    "name" : "package",
    "value" : "test_product_page"
  }, {
    "name" : "resultFormat",
    "value" : "allure2"
  } ],
  "parameters" : [ ],
  "links" : [ ],
  "hidden" : false,
  "retry" : false,
  "extra" : {
    "severity" : "normal",
    "retries" : [ ],
    "categories" : [ ],
    "tags" : [ "@pytest.mark.xfail" ]
  },
  "source" : "a6a2b01eb193c2a4.json",
  "parameterValues" : [ ]
}